> Task :compileJava UP-TO-DATE
> Task :processResources UP-TO-DATE
> Task :classes UP-TO-DATE

> Task :run FAILED
io.dropwizard.configuration.ConfigurationParsingException: config.yml has an error:
  * Unrecognized field at: appName
    Did you mean?:
      - admin
      - server
      - health
      - logging
      - metrics

	at io.dropwizard.configuration.ConfigurationParsingException$Builder.build(ConfigurationParsingException.java:277)
	at io.dropwizard.configuration.BaseConfigurationFactory.build(BaseConfigurationFactory.java:161)
	at io.dropwizard.configuration.BaseConfigurationFactory.build(BaseConfigurationFactory.java:94)
	at io.dropwizard.cli.ConfiguredCommand.parseConfiguration(ConfiguredCommand.java:139)
	at io.dropwizard.cli.ConfiguredCommand.run(ConfiguredCommand.java:85)
	at io.dropwizard.cli.Cli.run(Cli.java:78)
	at io.dropwizard.Application.run(Application.java:94)
	at org.investinsip.SimpleServer.main(SimpleServer.java:22)
Caused by: com.fasterxml.jackson.databind.exc.UnrecognizedPropertyException: Unrecognized field "appName" (class org.investinsip.SimpleConfig), not marked as ignorable (5 known properties: "server", "health", "logging", "metrics", "admin"])
 at [Source: UNKNOWN; byte offset: #UNKNOWN] (through reference chain: org.investinsip.SimpleConfig["appName"])
	at com.fasterxml.jackson.databind.exc.UnrecognizedPropertyException.from(UnrecognizedPropertyException.java:61)
	at com.fasterxml.jackson.databind.DeserializationContext.handleUnknownProperty(DeserializationContext.java:1127)
	at com.fasterxml.jackson.databind.deser.std.StdDeserializer.handleUnknownProperty(StdDeserializer.java:2036)
	at com.fasterxml.jackson.databind.deser.BeanDeserializerBase.handleUnknownProperty(BeanDeserializerBase.java:1700)
	at com.fasterxml.jackson.databind.deser.BeanDeserializerBase.handleUnknownVanilla(BeanDeserializerBase.java:1678)
	at com.fasterxml.jackson.databind.deser.BeanDeserializer.deserialize(BeanDeserializer.java:284)
	at com.fasterxml.jackson.module.blackbird.deser.SuperSonicBeanDeserializer.deserialize(SuperSonicBeanDeserializer.java:155)
	at com.fasterxml.jackson.databind.deser.DefaultDeserializationContext.readRootValue(DefaultDeserializationContext.java:323)
	at com.fasterxml.jackson.databind.ObjectMapper._readValue(ObjectMapper.java:4650)
	at com.fasterxml.jackson.databind.ObjectMapper.readValue(ObjectMapper.java:2831)
	at io.dropwizard.configuration.BaseConfigurationFactory.build(BaseConfigurationFactory.java:148)
	... 6 more

[Incubating] Problems report is available at: file:///home/nitesh/investinsip/build/reports/problems/problems-report.html

FAILURE: Build failed with an exception.

* What went wrong:
Execution failed for task ':run'.
> Process 'command '/usr/lib/jvm/java-11-openjdk-amd64/bin/java'' finished with non-zero exit value 1

* Try:
> Run with --stacktrace option to get the stack trace.
> Run with --info or --debug option to get more log output.
> Run with --scan to get full insights.
> Get more help at https://help.gradle.org.

Deprecated Gradle features were used in this build, making it incompatible with Gradle 9.0.

You can use '--warning-mode all' to show the individual deprecation warnings and determine if they come from your own scripts or plugins.

For more on this, please refer to https://docs.gradle.org/8.14/userguide/command_line_interface.html#sec:command_line_warnings in the Gradle documentation.

BUILD FAILED in 2s
3 actionable tasks: 1 executed, 2 up-to-date
